<?xml version="1.0" encoding="UTF-8"?>
<!-- Generated by org.testng.reporters.JUnitReportReporter -->
<testsuite hostname="MacBook-Air.local" failures="0" tests="1" name="Tests.InputFormTest" time="11.193" errors="0" timestamp="2023-12-14T22:40:29 IST" skipped="0">
  <testcase classname="Tests.InputFormTest" name="verifyButtonText" time="11.193"/>
  <system-out/>
</testsuite> <!-- Tests.InputFormTest -->
