<?xml version="1.0" encoding="UTF-8"?>
<!-- Generated by org.testng.reporters.JUnitReportReporter -->
<testsuite hostname="MacBook-Air.local" failures="0" tests="1" name="Tests.TableTest" time="9.402" errors="0" timestamp="2023-12-15T22:35:26 IST" skipped="0">
  <testcase classname="Tests.TableTest" name="verifyOffice" time="9.402"/>
  <system-out/>
</testsuite> <!-- Tests.TableTest -->
