<?xml version="1.0" encoding="UTF-8"?>
<!-- Generated by org.testng.reporters.JUnitReportReporter -->
<testsuite hostname="MacBook-Air.local" failures="0" tests="1" name="Tests.DatePickrTest" time="79.780" errors="0" timestamp="2023-12-18T20:16:40 IST" skipped="0">
  <testcase classname="Tests.DatePickrTest" name="enterDate" time="79.780"/>
  <system-out/>
</testsuite> <!-- Tests.DatePickrTest -->
